<?xml version="1.0" encoding="UTF-8" standalone="yes" ?>
<test-results name="C:\Fortes\Tests\Abastecimento\Win32\Debug\FortesTests.exe" total="1" errors="0" failures="0" ignored="0" inconclusive="0" not-run="0" skipped="0" invalid="0" date="2023-06-11" time="0.001">
  <culture-info current-culture="en" current-uiculture="en" />
  <test-suite type="Assembly" name="FortesTests.exe" executed="true" result="Success" success="True" time="0.001" asserts="0">
    <results>
        <test-suite type="Namespace" name="Fortes" executed="true" result="Success" success="True" time="0.001" asserts="0" >
          <results>
              <test-suite type="Fixture" name="TCalculoAbastecimento" executed="True" result="Success" success="True" time="0.001" >
                <results>
                  <test-case name="ValidarCalculoDoValorDeICMS" executed="True" result="Success" success="True" time="0.000" asserts="0" />
                </results>
              </test-suite>
          </results>
        </test-suite>
    </results>
  </test-suite>
</test-results>
